# JRE version: Java(TM) SE Runtime Environment (8.0_201-b09) (build 1.8.0_201-b09)
# Java VM: Java HotSpot(TM) 64-Bit Server VM (25.201-b09 mixed mode windows-amd64 compressed oops)
Heap:
 PSYoungGen      total 487936K, used 149152K [0x00000000d5580000, 0x00000000f5580000, 0x0000000100000000)
  eden space 451584K, 25% used [0x00000000d5580000,0x00000000dc3e6e38,0x00000000f0e80000)
  from space 36352K, 99% used [0x00000000f0e80000,0x00000000f31c1200,0x00000000f3200000)
  to   space 33280K, 0% used [0x00000000f3500000,0x00000000f3500000,0x00000000f5580000)
 ParOldGen       total 129536K, used 98409K [0x0000000080000000, 0x0000000087e80000, 0x00000000d5580000)
  object space 129536K, 75% used [0x0000000080000000,0x000000008601a470,0x0000000087e80000)
 Metaspace       used 148869K, capacity 156925K, committed 157056K, reserved 1185792K
  class space    used 19363K, capacity 20814K, committed 20864K, reserved 1048576K
GC Heap History (10 events):
Event: 11016.151 GC heap before
{Heap before GC invocations=77 (full 6):
 PSYoungGen      total 484864K, used 461468K [0x00000000d5580000, 0x00000000f5580000, 0x0000000100000000)
  eden space 451584K, 100% used [0x00000000d5580000,0x00000000f0e80000,0x00000000f0e80000)
  from space 33280K, 29% used [0x00000000f3500000,0x00000000f3ea71b8,0x00000000f5580000)
  to   space 36352K, 0% used [0x00000000f0e80000,0x00000000f0e80000,0x00000000f3200000)
 ParOldGen       total 129536K, used 93326K [0x0000000080000000, 0x0000000087e80000, 0x00000000d5580000)
  object space 129536K, 72% used [0x0000000080000000,0x0000000085b23ac8,0x0000000087e80000)
 Metaspace       used 148166K, capacity 156101K, committed 156288K, reserved 1185792K
  class space    used 19299K, capacity 20722K, committed 20864K, reserved 1048576K
Event: 11016.319 GC heap after
Heap after GC invocations=77 (full 6):
 PSYoungGen      total 487936K, used 2670K [0x00000000d5580000, 0x00000000f5580000, 0x0000000100000000)
  eden space 451584K, 0% used [0x00000000d5580000,0x00000000d5580000,0x00000000f0e80000)
  from space 36352K, 7% used [0x00000000f0e80000,0x00000000f111b9a8,0x00000000f3200000)
  to   space 33280K, 0% used [0x00000000f3500000,0x00000000f3500000,0x00000000f5580000)
 ParOldGen       total 129536K, used 95190K [0x0000000080000000, 0x0000000087e80000, 0x00000000d5580000)
  object space 129536K, 73% used [0x0000000080000000,0x0000000085cf58a8,0x0000000087e80000)
 Metaspace       used 148166K, capacity 156101K, committed 156288K, reserved 1185792K
  class space    used 19299K, capacity 20722K, committed 20864K, reserved 1048576K
}
Event: 11022.867 GC heap before
{Heap before GC invocations=78 (full 6):
 PSYoungGen      total 487936K, used 454254K [0x00000000d5580000, 0x00000000f5580000, 0x0000000100000000)
  eden space 451584K, 100% used [0x00000000d5580000,0x00000000f0e80000,0x00000000f0e80000)
  from space 36352K, 7% used [0x00000000f0e80000,0x00000000f111b9a8,0x00000000f3200000)
  to   space 33280K, 0% used [0x00000000f3500000,0x00000000f3500000,0x00000000f5580000)
 ParOldGen       total 129536K, used 95190K [0x0000000080000000, 0x0000000087e80000, 0x00000000d5580000)
  object space 129536K, 73% used [0x0000000080000000,0x0000000085cf58a8,0x0000000087e80000)
 Metaspace       used 148219K, capacity 156195K, committed 156544K, reserved 1185792K
  class space    used 19301K, capacity 20725K, committed 20864K, reserved 1048576K
Event: 11022.906 GC heap after
Heap after GC invocations=78 (full 6):
 PSYoungGen      total 484864K, used 5480K [0x00000000d5580000, 0x00000000f5580000, 0x0000000100000000)
  eden space 451584K, 0% used [0x00000000d5580000,0x00000000d5580000,0x00000000f0e80000)
  from space 33280K, 16% used [0x00000000f3500000,0x00000000f3a5a028,0x00000000f5580000)
  to   space 36352K, 0% used [0x00000000f0e80000,0x00000000f0e80000,0x00000000f3200000)
 ParOldGen       total 129536K, used 95549K [0x0000000080000000, 0x0000000087e80000, 0x00000000d5580000)
  object space 129536K, 73% used [0x0000000080000000,0x0000000085d4f6e0,0x0000000087e80000)
 Metaspace       used 148219K, capacity 156195K, committed 156544K, reserved 1185792K
  class space    used 19301K, capacity 20725K, committed 20864K, reserved 1048576K
}
Event: 11028.923 GC heap before
{Heap before GC invocations=79 (full 6):
 PSYoungGen      total 484864K, used 457064K [0x00000000d5580000, 0x00000000f5580000, 0x0000000100000000)
  eden space 451584K, 100% used [0x00000000d5580000,0x00000000f0e80000,0x00000000f0e80000)
  from space 33280K, 16% used [0x00000000f3500000,0x00000000f3a5a028,0x00000000f5580000)
  to   space 36352K, 0% used [0x00000000f0e80000,0x00000000f0e80000,0x00000000f3200000)
 ParOldGen       total 129536K, used 95549K [0x0000000080000000, 0x0000000087e80000, 0x00000000d5580000)
  object space 129536K, 73% used [0x0000000080000000,0x0000000085d4f6e0,0x0000000087e80000)
 Metaspace       used 148234K, capacity 156199K, committed 156544K, reserved 1185792K
  class space    used 19301K, capacity 20725K, committed 20864K, reserved 1048576K
Event: 11028.962 GC heap after
Heap after GC invocations=79 (full 6):
 PSYoungGen      total 487936K, used 9638K [0x00000000d5580000, 0x00000000f5580000, 0x0000000100000000)
  eden space 451584K, 0% used [0x00000000d5580000,0x00000000d5580000,0x00000000f0e80000)
  from space 36352K, 26% used [0x00000000f0e80000,0x00000000f17e9b48,0x00000000f3200000)
  to   space 33280K, 0% used [0x00000000f3500000,0x00000000f3500000,0x00000000f5580000)
 ParOldGen       total 129536K, used 96492K [0x0000000080000000, 0x0000000087e80000, 0x00000000d5580000)
  object space 129536K, 74% used [0x0000000080000000,0x0000000085e3b0e0,0x0000000087e80000)
 Metaspace       used 148234K, capacity 156199K, committed 156544K, reserved 1185792K
  class space    used 19301K, capacity 20725K, committed 20864K, reserved 1048576K
}
Event: 11036.222 GC heap before
{Heap before GC invocations=80 (full 6):
 PSYoungGen      total 487936K, used 461222K [0x00000000d5580000, 0x00000000f5580000, 0x0000000100000000)
  eden space 451584K, 100% used [0x00000000d5580000,0x00000000f0e80000,0x00000000f0e80000)
  from space 36352K, 26% used [0x00000000f0e80000,0x00000000f17e9b48,0x00000000f3200000)
  to   space 33280K, 0% used [0x00000000f3500000,0x00000000f3500000,0x00000000f5580000)
 ParOldGen       total 129536K, used 96492K [0x0000000080000000, 0x0000000087e80000, 0x00000000d5580000)
  object space 129536K, 74% used [0x0000000080000000,0x0000000085e3b0e0,0x0000000087e80000)
 Metaspace       used 148258K, capacity 156209K, committed 156544K, reserved 1185792K
  class space    used 19302K, capacity 20726K, committed 20864K, reserved 1048576K
Event: 11036.255 GC heap after
Heap after GC invocations=80 (full 6):
 PSYoungGen      total 484864K, used 3420K [0x00000000d5580000, 0x00000000f5580000, 0x0000000100000000)
  eden space 451584K, 0% used [0x00000000d5580000,0x00000000d5580000,0x00000000f0e80000)
  from space 33280K, 10% used [0x00000000f3500000,0x00000000f3857120,0x00000000f5580000)
  to   space 36352K, 0% used [0x00000000f0e80000,0x00000000f0e80000,0x00000000f3200000)
 ParOldGen       total 129536K, used 97998K [0x0000000080000000, 0x0000000087e80000, 0x00000000d5580000)
  object space 129536K, 75% used [0x0000000080000000,0x0000000085fb3898,0x0000000087e80000)
 Metaspace       used 148258K, capacity 156209K, committed 156544K, reserved 1185792K
  class space    used 19302K, capacity 20726K, committed 20864K, reserved 1048576K
}
Event: 11048.055 GC heap before
{Heap before GC invocations=81 (full 6):
 PSYoungGen      total 484864K, used 455004K [0x00000000d5580000, 0x00000000f5580000, 0x0000000100000000)
  eden space 451584K, 100% used [0x00000000d5580000,0x00000000f0e80000,0x00000000f0e80000)
  from space 33280K, 10% used [0x00000000f3500000,0x00000000f3857120,0x00000000f5580000)
  to   space 36352K, 0% used [0x00000000f0e80000,0x00000000f0e80000,0x00000000f3200000)
 ParOldGen       total 129536K, used 97998K [0x0000000080000000, 0x0000000087e80000, 0x00000000d5580000)
  object space 129536K, 75% used [0x0000000080000000,0x0000000085fb3898,0x0000000087e80000)
 Metaspace       used 148828K, capacity 156913K, committed 157056K, reserved 1185792K
  class space    used 19357K, capacity 20812K, committed 20864K, reserved 1048576K
Event: 11048.354 GC heap after
Heap after GC invocations=81 (full 6):
 PSYoungGen      total 487936K, used 36100K [0x00000000d5580000, 0x00000000f5580000, 0x0000000100000000)
  eden space 451584K, 0% used [0x00000000d5580000,0x00000000d5580000,0x00000000f0e80000)
  from space 36352K, 99% used [0x00000000f0e80000,0x00000000f31c1200,0x00000000f3200000)
  to   space 33280K, 0% used [0x00000000f3500000,0x00000000f3500000,0x00000000f5580000)
 ParOldGen       total 129536K, used 98409K [0x0000000080000000, 0x0000000087e80000, 0x00000000d5580000)
  object space 129536K, 75% used [0x0000000080000000,0x000000008601a470,0x0000000087e80000)
 Metaspace       used 148828K, capacity 156913K, committed 157056K, reserved 1185792K
  class space    used 19357K, capacity 20812K, committed 20864K, reserved 1048576K
}

